{
  "start": "2024-04-28T18:45:04.571Z",
  "end": "2024-04-28T18:45:14.210Z",
  "capabilities": {
    "acceptInsecureCerts": false,
    "browserName": "chrome",
    "browserVersion": "124.0.6367.91",
    "chrome": {
      "chromedriverVersion": "124.0.6367.91 (51df0e5e17a8b0a4f281c1665dbd1b8a0c6b46af-refs/branch-heads/6367@{#984})",
      "userDataDir": "C:\\Users\\DANYAL~1.HAS\\AppData\\Local\\Temp\\scoped_dir22864_16330399"
    },
    "fedcm:accounts": true,
    "goog:chromeOptions": {
      "debuggerAddress": "localhost:62564"
    },
    "networkConnectionEnabled": false,
    "pageLoadStrategy": "normal",
    "platformName": "windows",
    "proxy": {},
    "setWindowRect": true,
    "strictFileInteractability": false,
    "timeouts": {
      "implicit": 0,
      "pageLoad": 300000,
      "script": 30000
    },
    "unhandledPromptBehavior": "dismiss and notify",
    "webauthn:extension:credBlob": true,
    "webauthn:extension:largeBlob": true,
    "webauthn:extension:minPinLength": true,
    "webauthn:extension:prf": true,
    "webauthn:virtualAuthenticators": true,
    "sessionId": "3e4863350d3995d75208e1fc2b89c15b"
  },
  "host": "localhost",
  "port": 9515,
  "baseUrl": "http://localhost",
  "framework": "cucumber",
  "mochaOpts": {
    "timeout": 10000
  },
  "duration": 9639,
  "suites": [
    {
      "title": "User Checkout Flow",
      "duration": 8651,
      "start": "2024-04-28T18:45:05.440Z",
      "end": "2024-04-28T18:45:14.091Z",
      "tests": [
        {
          "title": "Given Login to Application",
          "start": "2024-04-28T18:45:05.445Z",
          "end": "2024-04-28T18:45:14.081Z",
          "duration": 8636,
          "state": "passed",
          "screenshots": []
        },
        {
          "title": "Given Product selected",
          "start": "2024-04-28T18:45:14.081Z",
          "end": "2024-04-28T18:45:14.082Z",
          "duration": 1,
          "state": "failed",
          "screenshots": [],
          "error": {
            "message": "Step \"Product selected\" is not defined. You can ignore this error by setting cucumberOpts.ignoreUndefinedDefinitions as true.",
            "stack": "Step \"Product selected\" is not defined. You can ignore this error by setting cucumberOpts.ignoreUndefinedDefinitions as true.\n\tat Feature(D:\\Boilerplate\\CucumberPOC\\test\\features\\feature-files\\web\\Flow03.feature):1:1\n\tat Scenario(User Checkout Flow):3:1\n\tat Step(Product selected):5:1\n"
          }
        },
        {
          "title": "When Added to cart",
          "start": "2024-04-28T18:45:14.083Z",
          "end": "2024-04-28T18:45:14.083Z",
          "duration": 0,
          "state": "failed",
          "screenshots": [],
          "error": {
            "message": "Step \"Added to cart\" is not defined. You can ignore this error by setting cucumberOpts.ignoreUndefinedDefinitions as true.",
            "stack": "Step \"Added to cart\" is not defined. You can ignore this error by setting cucumberOpts.ignoreUndefinedDefinitions as true.\n\tat Feature(D:\\Boilerplate\\CucumberPOC\\test\\features\\feature-files\\web\\Flow03.feature):1:1\n\tat Scenario(User Checkout Flow):3:1\n\tat Step(Added to cart):6:1\n"
          }
        },
        {
          "title": "Then Product should be visible in Cart page",
          "start": "2024-04-28T18:45:14.083Z",
          "end": "2024-04-28T18:45:14.084Z",
          "duration": 1,
          "state": "failed",
          "screenshots": [],
          "error": {
            "message": "Step \"Product should be visible in Cart page\" is not defined. You can ignore this error by setting cucumberOpts.ignoreUndefinedDefinitions as true.",
            "stack": "Step \"Product should be visible in Cart page\" is not defined. You can ignore this error by setting cucumberOpts.ignoreUndefinedDefinitions as true.\n\tat Feature(D:\\Boilerplate\\CucumberPOC\\test\\features\\feature-files\\web\\Flow03.feature):1:1\n\tat Scenario(User Checkout Flow):3:1\n\tat Step(Product should be visible in Cart page):7:1\n"
          }
        },
        {
          "title": "And User should be able to Checkout",
          "start": "2024-04-28T18:45:14.084Z",
          "end": "2024-04-28T18:45:14.085Z",
          "duration": 1,
          "state": "failed",
          "screenshots": [],
          "error": {
            "message": "Step \"User should be able to Checkout\" is not defined. You can ignore this error by setting cucumberOpts.ignoreUndefinedDefinitions as true.",
            "stack": "Step \"User should be able to Checkout\" is not defined. You can ignore this error by setting cucumberOpts.ignoreUndefinedDefinitions as true.\n\tat Feature(D:\\Boilerplate\\CucumberPOC\\test\\features\\feature-files\\web\\Flow03.feature):1:1\n\tat Scenario(User Checkout Flow):3:1\n\tat Step(User should be able to Checkout):8:1\n"
          }
        }
      ],
      "hooks": [
        {
          "start": "2024-04-28T18:45:05.441Z",
          "end": "2024-04-28T18:45:05.443Z",
          "duration": 2,
          "title": "",
          "associatedSuite": "0"
        },
        {
          "start": "2024-04-28T18:45:14.085Z",
          "end": "2024-04-28T18:45:14.086Z",
          "duration": 1,
          "title": "",
          "associatedSuite": "0"
        }
      ]
    },
    {
      "title": "End to End User flow",
      "duration": 8667,
      "start": "2024-04-28T18:45:05.427Z",
      "end": "2024-04-28T18:45:14.094Z",
      "tests": [],
      "hooks": []
    }
  ],
  "specs": [
    "file:///D:/Boilerplate/CucumberPOC/test/features/feature-files/web/Flow03.feature"
  ],
  "state": {
    "passed": 1,
    "failed": 4,
    "skipped": 0
  }
}